2024-03-01 12:50:57,506 - Emotion: sad, Duration: 3.09 seconds
2024-03-01 12:50:57,886 - Emotion: angry, Duration: 0.38 seconds
2024-03-01 12:50:57,979 - Emotion: sad, Duration: 0.09 seconds
2024-03-01 12:50:58,219 - Emotion: angry, Duration: 0.24 seconds
2024-03-01 12:50:59,924 - Emotion: sad, Duration: 1.71 seconds
2024-03-01 12:51:00,166 - Emotion: neutral, Duration: 0.24 seconds
2024-03-01 12:51:02,560 - Emotion: happy, Duration: 2.39 seconds
2024-03-01 12:51:03,872 - Emotion: neutral, Duration: 1.31 seconds
2024-03-01 12:51:03,944 - Emotion: happy, Duration: 0.07 seconds
2024-03-01 12:51:04,121 - Emotion: neutral, Duration: 0.18 seconds
2024-03-01 12:51:04,284 - Emotion: happy, Duration: 0.16 seconds
2024-03-01 12:51:06,938 - Emotion: neutral, Duration: 2.65 seconds
2024-03-01 12:51:07,100 - Emotion: sad, Duration: 0.16 seconds
2024-03-01 12:51:07,182 - Emotion: neutral, Duration: 0.08 seconds
2024-03-01 12:51:07,264 - Emotion: sad, Duration: 0.08 seconds
2024-03-01 12:51:07,345 - Emotion: neutral, Duration: 0.08 seconds
2024-03-01 12:51:07,507 - Emotion: sad, Duration: 0.16 seconds
2024-03-01 12:51:10,579 - Emotion: neutral, Duration: 3.07 seconds
2024-03-01 12:51:14,360 - Emotion: happy, Duration: 3.78 seconds
2024-03-01 12:51:14,520 - Emotion: neutral, Duration: 0.16 seconds
2024-03-01 12:51:14,601 - Emotion: surprise, Duration: 0.08 seconds
2024-03-01 12:51:14,664 - Emotion: sad, Duration: 0.06 seconds
2024-03-01 12:51:14,908 - Emotion: surprise, Duration: 0.24 seconds
2024-03-01 12:51:17,175 - Emotion: neutral, Duration: 2.27 seconds
2024-03-01 12:51:17,501 - Emotion: happy, Duration: 0.33 seconds
2024-03-01 12:51:17,582 - Emotion: sad, Duration: 0.08 seconds
2024-03-01 12:51:17,749 - Emotion: happy, Duration: 0.17 seconds
2024-03-01 12:51:17,949 - Emotion: neutral, Duration: 0.20 seconds
2024-03-01 12:51:18,027 - Emotion: happy, Duration: 0.08 seconds
2024-03-01 12:51:18,109 - Emotion: neutral, Duration: 0.08 seconds
2024-03-01 12:51:18,527 - Emotion: happy, Duration: 0.42 seconds
2024-03-01 12:51:18,608 - Emotion: neutral, Duration: 0.08 seconds
2024-03-01 12:51:18,864 - Emotion: happy, Duration: 0.26 seconds
2024-03-01 12:51:19,600 - Emotion: neutral, Duration: 0.74 seconds
2024-03-01 12:51:19,692 - Emotion: happy, Duration: 0.09 seconds
2024-03-01 12:51:20,419 - Emotion: sad, Duration: 0.73 seconds
2024-03-01 12:51:20,961 - Emotion: neutral, Duration: 0.54 seconds
2024-03-01 12:57:39,049 - Emotion: sad, Duration: 3.22 seconds
2024-03-01 12:57:39,152 - Emotion: neutral, Duration: 0.10 seconds
2024-03-01 12:57:39,260 - Emotion: sad, Duration: 0.11 seconds
2024-03-01 12:57:43,135 - Emotion: happy, Duration: 3.87 seconds
2024-03-01 12:57:43,204 - Emotion: neutral, Duration: 0.07 seconds
2024-03-01 12:57:43,601 - Emotion: happy, Duration: 0.40 seconds
2024-03-01 12:57:43,737 - Emotion: neutral, Duration: 0.14 seconds
2024-03-01 12:57:43,820 - Emotion: happy, Duration: 0.08 seconds
2024-03-01 12:57:44,487 - Emotion: neutral, Duration: 0.67 seconds
2024-03-01 12:57:44,570 - Emotion: sad, Duration: 0.08 seconds
2024-03-01 12:57:44,720 - Emotion: neutral, Duration: 0.15 seconds
2024-03-01 12:57:44,804 - Emotion: sad, Duration: 0.08 seconds
2024-03-01 12:57:44,869 - Emotion: neutral, Duration: 0.07 seconds
2024-03-01 12:57:44,964 - Emotion: sad, Duration: 0.09 seconds
2024-03-01 12:57:45,443 - Emotion: neutral, Duration: 0.48 seconds
2024-03-01 12:57:45,586 - Emotion: sad, Duration: 0.14 seconds
2024-03-01 12:57:45,662 - Emotion: neutral, Duration: 0.08 seconds
2024-03-01 12:57:45,892 - Emotion: sad, Duration: 0.23 seconds
2024-03-01 12:57:46,218 - Emotion: neutral, Duration: 0.33 seconds
2024-03-01 12:57:46,317 - Emotion: happy, Duration: 0.10 seconds
2024-03-01 12:57:46,453 - Emotion: neutral, Duration: 0.14 seconds
2024-03-01 12:57:52,476 - Emotion: happy, Duration: 6.02 seconds
2024-03-01 12:57:52,591 - Emotion: sad, Duration: 0.12 seconds
2024-03-01 12:57:52,673 - Emotion: happy, Duration: 0.08 seconds
2024-03-01 12:57:53,286 - Emotion: sad, Duration: 0.61 seconds
2024-03-01 12:57:53,468 - Emotion: happy, Duration: 0.18 seconds
2024-03-01 12:57:54,283 - Emotion: sad, Duration: 0.82 seconds
2024-03-01 12:57:55,926 - Emotion: neutral, Duration: 1.64 seconds
2024-03-01 12:57:56,021 - Emotion: happy, Duration: 0.09 seconds
2024-03-01 12:57:56,087 - Emotion: sad, Duration: 0.07 seconds
2024-03-01 12:57:56,416 - Emotion: happy, Duration: 0.33 seconds
2024-03-01 12:57:56,489 - Emotion: sad, Duration: 0.07 seconds
2024-03-01 12:57:56,553 - Emotion: happy, Duration: 0.06 seconds
2024-03-01 12:57:56,649 - Emotion: sad, Duration: 0.08 seconds
2024-03-01 12:57:57,388 - Emotion: happy, Duration: 0.75 seconds
2024-03-01 12:57:58,682 - Emotion: sad, Duration: 1.29 seconds
2024-03-01 12:57:59,002 - Emotion: happy, Duration: 0.32 seconds
2024-03-01 12:58:00,006 - Emotion: sad, Duration: 1.00 seconds
2024-03-01 13:02:22,264 - Emotion: neutral, Duration: 0.22 seconds
2024-03-01 13:02:22,795 - Emotion: sad, Duration: 0.53 seconds
2024-03-01 13:02:22,968 - Emotion: neutral, Duration: 0.40 seconds
2024-03-01 13:02:24,151 - Emotion: sad, Duration: 1.71 seconds
2024-03-01 13:02:24,245 - Emotion: neutral, Duration: 0.49 seconds
2024-03-01 13:02:24,544 - Emotion: sad, Duration: 2.01 seconds
2024-03-01 13:02:24,623 - Emotion: neutral, Duration: 0.57 seconds
2024-03-01 13:02:25,095 - Emotion: sad, Duration: 2.48 seconds
2024-03-01 13:02:25,158 - Emotion: neutral, Duration: 0.63 seconds
2024-03-01 13:02:25,619 - Emotion: sad, Duration: 2.94 seconds
2024-03-01 13:02:25,726 - Emotion: happy, Duration: 0.11 seconds
2024-03-01 13:02:25,820 - Emotion: sad, Duration: 3.04 seconds
2024-03-01 13:02:26,057 - Emotion: neutral, Duration: 0.87 seconds
2024-03-01 13:02:26,389 - Emotion: sad, Duration: 3.37 seconds
2024-03-01 13:02:26,498 - Emotion: neutral, Duration: 0.98 seconds
2024-03-01 13:02:27,050 - Emotion: sad, Duration: 3.92 seconds
2024-03-01 13:02:27,114 - Emotion: neutral, Duration: 1.04 seconds
2024-03-01 13:02:27,428 - Emotion: sad, Duration: 4.24 seconds
2024-03-01 13:02:27,633 - Emotion: neutral, Duration: 1.25 seconds
2024-03-01 13:02:28,710 - Emotion: sad, Duration: 5.31 seconds
2024-03-01 13:02:28,947 - Emotion: happy, Duration: 0.34 seconds
2024-03-01 13:02:33,307 - Emotion: sad, Duration: 9.67 seconds
2024-03-01 13:02:35,981 - Emotion: neutral, Duration: 3.92 seconds
2024-03-01 13:02:36,596 - Emotion: sad, Duration: 10.29 seconds
2024-03-01 13:02:44,388 - Emotion: neutral, Duration: 11.72 seconds
2024-03-01 13:02:44,957 - Emotion: sad, Duration: 10.86 seconds
2024-03-01 13:02:45,291 - Emotion: neutral, Duration: 12.05 seconds
2024-03-01 13:03:06,874 - Emotion: sad, Duration: 32.44 seconds
2024-03-01 13:05:29,772 - Emotion: sad, Duration: 0.14 seconds
2024-03-01 13:05:29,992 - Emotion: neutral, Duration: 0.22 seconds
2024-03-01 13:05:30,166 - Emotion: fear, Duration: 0.17 seconds
2024-03-01 13:05:34,208 - Emotion: neutral, Duration: 4.26 seconds
2024-03-01 13:05:35,891 - Emotion: sad, Duration: 1.82 seconds
2024-03-01 13:05:35,990 - Emotion: fear, Duration: 0.27 seconds
2024-03-01 13:05:36,136 - Emotion: sad, Duration: 1.97 seconds
2024-03-01 13:05:36,431 - Emotion: neutral, Duration: 4.56 seconds
2024-03-01 13:05:36,825 - Emotion: sad, Duration: 2.36 seconds
2024-03-01 13:05:37,831 - Emotion: neutral, Duration: 5.56 seconds
2024-03-01 13:05:40,250 - Emotion: sad, Duration: 4.78 seconds
2024-03-01 13:05:40,454 - Emotion: happy, Duration: 0.20 seconds
2024-03-01 13:05:41,242 - Emotion: sad, Duration: 5.57 seconds
2024-03-01 13:05:41,545 - Emotion: fear, Duration: 0.58 seconds
2024-03-01 13:05:41,845 - Emotion: sad, Duration: 5.87 seconds
2024-03-01 13:05:42,903 - Emotion: fear, Duration: 1.63 seconds
2024-03-01 13:05:46,767 - Emotion: neutral, Duration: 9.43 seconds
2024-03-01 13:05:47,734 - Emotion: fear, Duration: 2.60 seconds
2024-03-01 13:05:47,829 - Emotion: neutral, Duration: 9.52 seconds
2024-03-01 13:05:47,912 - Emotion: sad, Duration: 5.95 seconds
2024-03-01 13:05:48,317 - Emotion: neutral, Duration: 9.93 seconds
2024-03-01 13:05:49,369 - Emotion: fear, Duration: 3.65 seconds
2024-03-01 13:05:49,479 - Emotion: neutral, Duration: 10.04 seconds
2024-03-01 13:05:49,890 - Emotion: sad, Duration: 6.36 seconds
2024-03-01 13:05:50,379 - Emotion: neutral, Duration: 10.52 seconds
2024-03-01 13:05:50,505 - Emotion: fear, Duration: 3.78 seconds
2024-03-01 13:05:50,599 - Emotion: neutral, Duration: 10.62 seconds
2024-03-01 13:05:50,662 - Emotion: fear, Duration: 3.84 seconds
2024-03-01 13:05:50,881 - Emotion: neutral, Duration: 10.84 seconds
2024-03-01 13:05:50,951 - Emotion: fear, Duration: 3.91 seconds
2024-03-01 13:05:51,078 - Emotion: neutral, Duration: 10.96 seconds
2024-03-01 13:05:51,235 - Emotion: fear, Duration: 4.07 seconds
2024-03-01 13:05:54,926 - Emotion: neutral, Duration: 14.66 seconds
2024-03-01 13:05:54,977 - Emotion: fear, Duration: 4.12 seconds
2024-03-01 13:05:55,395 - Emotion: neutral, Duration: 15.07 seconds
2024-03-01 13:05:56,037 - Emotion: fear, Duration: 4.76 seconds
2024-03-01 13:05:58,136 - Emotion: neutral, Duration: 17.17 seconds
2024-03-01 13:05:59,368 - Emotion: fear, Duration: 5.99 seconds
2024-03-01 13:05:59,604 - Emotion: neutral, Duration: 17.41 seconds
2024-03-01 13:06:00,893 - Emotion: fear, Duration: 7.28 seconds
2024-03-01 13:06:02,342 - Emotion: neutral, Duration: 18.86 seconds
2024-03-01 13:06:02,399 - Emotion: fear, Duration: 7.34 seconds
2024-03-01 13:06:02,484 - Emotion: neutral, Duration: 18.94 seconds
2024-03-01 13:06:02,626 - Emotion: fear, Duration: 7.48 seconds
2024-03-01 13:06:02,720 - Emotion: sad, Duration: 6.46 seconds
2024-03-01 13:06:02,814 - Emotion: fear, Duration: 7.58 seconds
2024-03-01 13:06:03,387 - Emotion: neutral, Duration: 19.52 seconds
2024-03-01 13:06:04,085 - Emotion: sad, Duration: 7.16 seconds
2024-03-01 13:06:04,180 - Emotion: neutral, Duration: 19.61 seconds
2024-03-01 13:06:04,574 - Emotion: sad, Duration: 7.55 seconds
2024-03-01 13:06:05,261 - Emotion: neutral, Duration: 20.30 seconds
2024-03-01 13:06:05,544 - Emotion: happy, Duration: 0.49 seconds
2024-03-01 13:06:05,804 - Emotion: neutral, Duration: 20.56 seconds
2024-03-01 13:06:05,945 - Emotion: happy, Duration: 0.63 seconds
2024-03-01 13:06:09,955 - Emotion: neutral, Duration: 24.57 seconds
2024-03-01 13:06:10,395 - Emotion: happy, Duration: 1.07 seconds
2024-03-01 13:06:10,490 - Emotion: sad, Duration: 7.64 seconds
2024-03-01 13:06:11,059 - Emotion: happy, Duration: 1.64 seconds
2024-03-01 13:06:11,204 - Emotion: neutral, Duration: 24.71 seconds
2024-03-01 13:06:11,403 - Emotion: happy, Duration: 1.84 seconds
2024-03-01 13:06:13,517 - Emotion: neutral, Duration: 26.83 seconds
2024-03-01 13:06:13,723 - Emotion: sad, Duration: 7.85 seconds
2024-03-01 13:06:17,468 - Emotion: neutral, Duration: 30.57 seconds
2024-03-01 13:06:18,291 - Emotion: sad, Duration: 8.67 seconds
2024-03-01 13:06:18,720 - Emotion: happy, Duration: 2.27 seconds
2024-03-01 13:06:18,828 - Emotion: sad, Duration: 8.78 seconds
2024-03-01 13:06:19,020 - Emotion: happy, Duration: 2.46 seconds
2024-03-01 13:06:19,112 - Emotion: sad, Duration: 8.87 seconds
2024-03-01 13:06:19,191 - Emotion: happy, Duration: 2.54 seconds
2024-03-01 13:06:20,139 - Emotion: sad, Duration: 9.82 seconds
2024-03-01 13:06:20,249 - Emotion: neutral, Duration: 30.68 seconds
2024-03-01 13:06:20,345 - Emotion: sad, Duration: 9.92 seconds
2024-03-01 13:06:20,724 - Emotion: neutral, Duration: 31.06 seconds
2024-03-01 13:14:51,261 - Emotion: neutral, Duration: 3.41 seconds
2024-03-01 13:14:51,391 - Emotion: sad, Duration: 0.13 seconds
2024-03-01 13:14:52,561 - Emotion: neutral, Duration: 4.58 seconds
2024-03-01 13:14:52,642 - Emotion: sad, Duration: 0.21 seconds
2024-03-01 13:14:53,044 - Emotion: neutral, Duration: 4.98 seconds
2024-03-01 13:14:53,124 - Emotion: sad, Duration: 0.29 seconds
2024-03-01 13:14:53,204 - Emotion: neutral, Duration: 5.06 seconds
2024-03-01 13:14:53,285 - Emotion: sad, Duration: 0.37 seconds
2024-03-01 13:14:56,424 - Emotion: neutral, Duration: 8.20 seconds
2024-03-01 13:14:56,673 - Emotion: sad, Duration: 0.62 seconds
2024-03-01 13:14:58,425 - Emotion: neutral, Duration: 9.95 seconds
2024-03-01 13:14:58,514 - Emotion: sad, Duration: 0.71 seconds
2024-03-01 13:14:59,396 - Emotion: neutral, Duration: 10.83 seconds
2024-03-01 13:31:39,339 - Emotion: sad, Duration: 0.08 seconds
2024-03-01 13:32:23,585 - Emotion: neutral, Duration: 44.25 seconds
2024-03-01 13:32:24,219 - Emotion: happy, Duration: 0.63 seconds
2024-03-01 13:32:29,377 - Emotion: neutral, Duration: 49.40 seconds
2024-03-01 13:32:29,669 - Emotion: fear, Duration: 0.29 seconds
2024-03-01 13:32:29,747 - Emotion: sad, Duration: 0.16 seconds
2024-03-01 13:32:30,153 - Emotion: fear, Duration: 0.70 seconds
2024-03-01 13:32:30,283 - Emotion: surprise, Duration: 0.13 seconds
2024-03-01 13:32:30,364 - Emotion: fear, Duration: 0.78 seconds
2024-03-01 13:32:30,528 - Emotion: surprise, Duration: 0.29 seconds
2024-03-01 13:32:30,609 - Emotion: neutral, Duration: 49.48 seconds
2024-03-01 13:32:30,674 - Emotion: sad, Duration: 0.22 seconds
